0 info it worked if it ends with ok
1 verbose cli [ 'node', '/usr/local/bin/npm', 'publish' ]
2 info using npm@1.4.3
3 info using node@v0.10.26
4 verbose publish [ '.' ]
5 verbose cache add [ '.', null ]
6 verbose cache add name=undefined spec="." args=[".",null]
7 verbose parsed url { protocol: null,
7 verbose parsed url   slashes: null,
7 verbose parsed url   auth: null,
7 verbose parsed url   host: null,
7 verbose parsed url   port: null,
7 verbose parsed url   hostname: null,
7 verbose parsed url   hash: null,
7 verbose parsed url   search: null,
7 verbose parsed url   query: null,
7 verbose parsed url   pathname: '.',
7 verbose parsed url   path: '.',
7 verbose parsed url   href: '.' }
8 silly lockFile 3a52ce78- .
9 verbose lock . /Users/craig/.npm/3a52ce78-.lock
10 verbose tar pack [ '/var/folders/n1/r96x64mx6jzcbzkbz1ddrw6r0000gn/T/npm-22496-pFOwBECL/1402361060714-0.16441096016205847/tmp.tgz',
10 verbose tar pack   '.' ]
11 verbose tarball /var/folders/n1/r96x64mx6jzcbzkbz1ddrw6r0000gn/T/npm-22496-pFOwBECL/1402361060714-0.16441096016205847/tmp.tgz
12 verbose folder .
13 info prepublish playground@0.1.0
14 silly lockFile 1f1177db-tar tar://.
15 verbose lock tar://. /Users/craig/.npm/1f1177db-tar.lock
16 silly lockFile f2289672-0714-0-16441096016205847-tmp-tgz tar:///var/folders/n1/r96x64mx6jzcbzkbz1ddrw6r0000gn/T/npm-22496-pFOwBECL/1402361060714-0.16441096016205847/tmp.tgz
17 verbose lock tar:///var/folders/n1/r96x64mx6jzcbzkbz1ddrw6r0000gn/T/npm-22496-pFOwBECL/1402361060714-0.16441096016205847/tmp.tgz /Users/craig/.npm/f2289672-0714-0-16441096016205847-tmp-tgz.lock
18 silly lockFile 1f1177db-tar tar://.
19 silly lockFile 1f1177db-tar tar://.
20 silly lockFile f2289672-0714-0-16441096016205847-tmp-tgz tar:///var/folders/n1/r96x64mx6jzcbzkbz1ddrw6r0000gn/T/npm-22496-pFOwBECL/1402361060714-0.16441096016205847/tmp.tgz
21 silly lockFile f2289672-0714-0-16441096016205847-tmp-tgz tar:///var/folders/n1/r96x64mx6jzcbzkbz1ddrw6r0000gn/T/npm-22496-pFOwBECL/1402361060714-0.16441096016205847/tmp.tgz
22 verbose tar unpack /var/folders/n1/r96x64mx6jzcbzkbz1ddrw6r0000gn/T/npm-22496-pFOwBECL/1402361060714-0.16441096016205847/tmp.tgz
23 silly lockFile 74d888ba-0714-0-16441096016205847-package tar:///var/folders/n1/r96x64mx6jzcbzkbz1ddrw6r0000gn/T/npm-22496-pFOwBECL/1402361060714-0.16441096016205847/package
24 verbose lock tar:///var/folders/n1/r96x64mx6jzcbzkbz1ddrw6r0000gn/T/npm-22496-pFOwBECL/1402361060714-0.16441096016205847/package /Users/craig/.npm/74d888ba-0714-0-16441096016205847-package.lock
25 silly lockFile f2289672-0714-0-16441096016205847-tmp-tgz tar:///var/folders/n1/r96x64mx6jzcbzkbz1ddrw6r0000gn/T/npm-22496-pFOwBECL/1402361060714-0.16441096016205847/tmp.tgz
26 verbose lock tar:///var/folders/n1/r96x64mx6jzcbzkbz1ddrw6r0000gn/T/npm-22496-pFOwBECL/1402361060714-0.16441096016205847/tmp.tgz /Users/craig/.npm/f2289672-0714-0-16441096016205847-tmp-tgz.lock
27 silly gunzTarPerm modes [ '755', '644' ]
28 silly gunzTarPerm extractEntry package.json
29 silly gunzTarPerm extractEntry .npmignore
30 silly gunzTarPerm extractEntry README.md
31 silly gunzTarPerm extractEntry app/js/entry.js
32 silly gunzTarPerm extractEntry app/js/index.js
33 silly gunzTarPerm extractEntry app/js/commands/index.js
34 silly gunzTarPerm extractEntry app/js/commands/.gitkeep
35 silly gunzTarPerm extractEntry app/js/models/index.js
36 silly gunzTarPerm extractEntry app/js/models/todo.js
37 silly gunzTarPerm extractEntry app/js/models/todos.js
38 silly gunzTarPerm extractEntry app/js/models/persist/index.js
39 silly gunzTarPerm extractEntry app/js/models/persist/localStorage/index.js
40 silly gunzTarPerm extractEntry app/js/routes/index.js
41 silly gunzTarPerm extractEntry app/js/routes/.gitkeep
42 silly gunzTarPerm extractEntry app/js/templates/index.js
43 silly gunzTarPerm extractEntry app/js/views/index.js
44 silly gunzTarPerm extractEntry app/js/views/main/index.js
45 silly gunzTarPerm extractEntry app/js/views/main/footer/index.js
46 silly gunzTarPerm extractEntry app/js/views/main/footer/index.pc
47 silly gunzTarPerm extractEntry app/js/views/main/header/index.js
48 silly gunzTarPerm extractEntry app/js/views/main/header/index.pc
49 silly gunzTarPerm extractEntry app/js/views/main/index.pc
50 silly gunzTarPerm extractEntry app/js/views/main/todos/index.js
51 silly gunzTarPerm extractEntry app/js/views/main/todos/index.pc
52 silly gunzTarPerm extractEntry app/js/views/main/todos/todo/index.js
53 silly gunzTarPerm extractEntry app/js/views/main/todos/todo/index.pc
54 silly gunzTarPerm extractEntry build/app.min.js
55 silly gunzTarPerm extractEntry build/jquery.js
56 silly gunzTarPerm extractEntry build/.gitkeep
57 silly gunzTarPerm extractEntry build/bg.png
58 silly gunzTarPerm modified mode [ 'build/bg.png', 384, 420 ]
59 silly gunzTarPerm extractEntry build/index.html
60 silly gunzTarPerm extractEntry build/style.css
61 silly lockFile 74d888ba-0714-0-16441096016205847-package tar:///var/folders/n1/r96x64mx6jzcbzkbz1ddrw6r0000gn/T/npm-22496-pFOwBECL/1402361060714-0.16441096016205847/package
62 silly lockFile 74d888ba-0714-0-16441096016205847-package tar:///var/folders/n1/r96x64mx6jzcbzkbz1ddrw6r0000gn/T/npm-22496-pFOwBECL/1402361060714-0.16441096016205847/package
63 silly lockFile f2289672-0714-0-16441096016205847-tmp-tgz tar:///var/folders/n1/r96x64mx6jzcbzkbz1ddrw6r0000gn/T/npm-22496-pFOwBECL/1402361060714-0.16441096016205847/tmp.tgz
64 silly lockFile f2289672-0714-0-16441096016205847-tmp-tgz tar:///var/folders/n1/r96x64mx6jzcbzkbz1ddrw6r0000gn/T/npm-22496-pFOwBECL/1402361060714-0.16441096016205847/tmp.tgz
65 verbose tar pack [ '/Users/craig/.npm/playground/0.1.0/package.tgz',
65 verbose tar pack   '/var/folders/n1/r96x64mx6jzcbzkbz1ddrw6r0000gn/T/npm-22496-pFOwBECL/1402361060714-0.16441096016205847/package' ]
66 verbose tarball /Users/craig/.npm/playground/0.1.0/package.tgz
67 verbose folder /var/folders/n1/r96x64mx6jzcbzkbz1ddrw6r0000gn/T/npm-22496-pFOwBECL/1402361060714-0.16441096016205847/package
68 silly lockFile 74d888ba-0714-0-16441096016205847-package tar:///var/folders/n1/r96x64mx6jzcbzkbz1ddrw6r0000gn/T/npm-22496-pFOwBECL/1402361060714-0.16441096016205847/package
69 verbose lock tar:///var/folders/n1/r96x64mx6jzcbzkbz1ddrw6r0000gn/T/npm-22496-pFOwBECL/1402361060714-0.16441096016205847/package /Users/craig/.npm/74d888ba-0714-0-16441096016205847-package.lock
70 silly lockFile 7b3a15a9-npm-playground-0-1-0-package-tgz tar:///Users/craig/.npm/playground/0.1.0/package.tgz
71 verbose lock tar:///Users/craig/.npm/playground/0.1.0/package.tgz /Users/craig/.npm/7b3a15a9-npm-playground-0-1-0-package-tgz.lock
72 silly lockFile 74d888ba-0714-0-16441096016205847-package tar:///var/folders/n1/r96x64mx6jzcbzkbz1ddrw6r0000gn/T/npm-22496-pFOwBECL/1402361060714-0.16441096016205847/package
73 silly lockFile 74d888ba-0714-0-16441096016205847-package tar:///var/folders/n1/r96x64mx6jzcbzkbz1ddrw6r0000gn/T/npm-22496-pFOwBECL/1402361060714-0.16441096016205847/package
74 silly lockFile 7b3a15a9-npm-playground-0-1-0-package-tgz tar:///Users/craig/.npm/playground/0.1.0/package.tgz
75 silly lockFile 7b3a15a9-npm-playground-0-1-0-package-tgz tar:///Users/craig/.npm/playground/0.1.0/package.tgz
76 silly lockFile ba83fb92-aig-npm-playground-0-1-0-package /Users/craig/.npm/playground/0.1.0/package
77 verbose lock /Users/craig/.npm/playground/0.1.0/package /Users/craig/.npm/ba83fb92-aig-npm-playground-0-1-0-package.lock
78 silly lockFile ba83fb92-aig-npm-playground-0-1-0-package /Users/craig/.npm/playground/0.1.0/package
79 silly lockFile ba83fb92-aig-npm-playground-0-1-0-package /Users/craig/.npm/playground/0.1.0/package
80 verbose tar unpack /Users/craig/.npm/playground/0.1.0/package.tgz
81 silly lockFile 7b96219e-aig-npm-playground-0-1-0-package tar:///Users/craig/.npm/playground/0.1.0/package
82 verbose lock tar:///Users/craig/.npm/playground/0.1.0/package /Users/craig/.npm/7b96219e-aig-npm-playground-0-1-0-package.lock
83 silly lockFile 7b3a15a9-npm-playground-0-1-0-package-tgz tar:///Users/craig/.npm/playground/0.1.0/package.tgz
84 verbose lock tar:///Users/craig/.npm/playground/0.1.0/package.tgz /Users/craig/.npm/7b3a15a9-npm-playground-0-1-0-package-tgz.lock
85 silly gunzTarPerm modes [ '755', '644' ]
86 silly gunzTarPerm extractEntry package.json
87 silly gunzTarPerm extractEntry .npmignore
88 silly gunzTarPerm extractEntry README.md
89 silly gunzTarPerm extractEntry app/js/entry.js
90 silly gunzTarPerm extractEntry app/js/index.js
91 silly gunzTarPerm extractEntry app/js/commands/index.js
92 silly gunzTarPerm extractEntry app/js/commands/.gitkeep
93 silly gunzTarPerm extractEntry app/js/models/index.js
94 silly gunzTarPerm extractEntry app/js/models/todo.js
95 silly gunzTarPerm extractEntry app/js/models/todos.js
96 silly gunzTarPerm extractEntry app/js/models/persist/index.js
97 silly gunzTarPerm extractEntry app/js/models/persist/localStorage/index.js
98 silly gunzTarPerm extractEntry app/js/routes/index.js
99 silly gunzTarPerm extractEntry app/js/routes/.gitkeep
100 silly gunzTarPerm extractEntry app/js/templates/index.js
101 silly gunzTarPerm extractEntry app/js/views/index.js
102 silly gunzTarPerm extractEntry app/js/views/main/index.js
103 silly gunzTarPerm extractEntry app/js/views/main/footer/index.js
104 silly gunzTarPerm extractEntry app/js/views/main/footer/index.pc
105 silly gunzTarPerm extractEntry app/js/views/main/header/index.js
106 silly gunzTarPerm extractEntry app/js/views/main/header/index.pc
107 silly gunzTarPerm extractEntry app/js/views/main/index.pc
108 silly gunzTarPerm extractEntry app/js/views/main/todos/index.js
109 silly gunzTarPerm extractEntry app/js/views/main/todos/index.pc
110 silly gunzTarPerm extractEntry app/js/views/main/todos/todo/index.js
111 silly gunzTarPerm extractEntry app/js/views/main/todos/todo/index.pc
112 silly gunzTarPerm extractEntry build/app.min.js
113 silly gunzTarPerm extractEntry build/jquery.js
114 silly gunzTarPerm extractEntry build/.gitkeep
115 silly gunzTarPerm extractEntry build/bg.png
116 silly gunzTarPerm extractEntry build/index.html
117 silly gunzTarPerm extractEntry build/style.css
118 silly lockFile 7b96219e-aig-npm-playground-0-1-0-package tar:///Users/craig/.npm/playground/0.1.0/package
119 silly lockFile 7b96219e-aig-npm-playground-0-1-0-package tar:///Users/craig/.npm/playground/0.1.0/package
120 silly lockFile 7b3a15a9-npm-playground-0-1-0-package-tgz tar:///Users/craig/.npm/playground/0.1.0/package.tgz
121 silly lockFile 7b3a15a9-npm-playground-0-1-0-package-tgz tar:///Users/craig/.npm/playground/0.1.0/package.tgz
122 verbose chmod /Users/craig/.npm/playground/0.1.0/package.tgz 644
123 verbose chown /Users/craig/.npm/playground/0.1.0/package.tgz [ 501, 20 ]
124 silly lockFile 3a52ce78- .
125 silly lockFile 3a52ce78- .
126 silly publish { name: 'playground',
126 silly publish   version: '0.1.0',
126 silly publish   description: 'mojo-boilerplate ================',
126 silly publish   main: './app/js/index.js',
126 silly publish   scripts:
126 silly publish    { test: 'cortado start',
126 silly publish      start: 'mojo build ./app/js/entry.js --output=build/app.min.js --serve=build --port=8085',
126 silly publish      build: 'mojo build ./app/js/entry.js -m --output=build/app.min.js',
126 silly publish      hotswap: 'ditto-proxy http://127.0.0.1:8085 --port=8090 --verbose --watch=\'./app/**\'' },
126 silly publish   repository:
126 silly publish    { type: 'git',
126 silly publish      url: 'git://github.com/classdojo/mojo-starter.git' },
126 silly publish   author: '',
126 silly publish   license: 'BSD',
126 silly publish   readmeFilename: 'README.md',
126 silly publish   gitHead: 'f685d2e601df0d0e91f7a4a07f5c696e67e81bb0',
126 silly publish   dependencies:
126 silly publish    { 'mojo-application': '0.0.x',
126 silly publish      'mojo-paperclip': '0.4.x',
126 silly publish      'mojo-views': '0.0.6',
126 silly publish      'mojo-router': '0.3.x',
126 silly publish      'mojo-mediator': '0.0.x',
126 silly publish      mkdirp: '0.5.0',
126 silly publish      'mojo-models': '0.0.x',
126 silly publish      'mojo-bootstrap': '0.0.x',
126 silly publish      sift: '0.0.x',
126 silly publish      store: '1.3.16',
126 silly publish      pouchdb: '2.2.3' },
126 silly publish   devDependencies:
126 silly publish    { 'expect.js': '0.3.1',
126 silly publish      mocha: '1.20.1',
126 silly publish      'mojo-cli': '0.0.x',
126 silly publish      ditto: '0.0.x' },
126 silly publish   readme: '## Requirements\n\n- Node.js\n- Git\n\n\n## Installation\n\n```\ngit clone git@github.com:classdojo/mojo-starter.git && cd mojo-starter && npm install;\n```\n\n## Building\n\nTo build your application, simply run:\n\n```\nnpm run build\n```\n\n## Debugging\n\nThe easiest way to debug your application is run:\n\n```\nnpm start\n```\n\nThis will open up an http server `http://localhost:8080` which you can visit in your browser.\n\nYou can also use the built-in hotswap script which will automatically refresh all resources if they change:\n\n```\nnpm run hotswap\n```\n\nNote that the above command assumes that you\'re already running `npm start`.\n',
126 silly publish   bugs: { url: 'https://github.com/classdojo/mojo-starter/issues' },
126 silly publish   homepage: 'https://github.com/classdojo/mojo-starter',
126 silly publish   _id: 'playground@0.1.0',
126 silly publish   dist: { shasum: 'aa1d20e31764a944ca5557ddaad18deccc5165cc' },
126 silly publish   _from: '.' }
127 verbose url raw playground
128 verbose url resolving [ 'http://registry.npmjs.org/', './playground' ]
129 verbose url resolved http://registry.npmjs.org/playground
130 info trying registry request attempt 1 at 17:44:21
131 http PUT http://registry.npmjs.org/playground
132 http 403 http://registry.npmjs.org/playground
133 error publish Failed PUT 403
134 error Error: forbidden user: architectd not authorized to modify playground
134 error Changed: description "Code playground for browserify module demos" -> "mojo-boilerplate ================"
134 error Changed: dist-tags.latest "0.0.0" -> "0.1.0"
134 error Added: versions.0.1.0
134 error Changed: readme "# playground\u000a\u000a" -> "## Requirements\u000a\u000a- Node.js\u000a- Git\u000a\u000a\u000a## Installation\u000a\u000a```\u000agit clone git@github.com:classdojo/mojo-starter.git && cd mojo-starter && npm install;\u000a```\u000a\u000a## Building\u000a\u000aTo build your application, simply run:\u000a\u000a```\u000anpm run build\u000a```\u000a\u000a## Debugging\u000a\u000aThe easiest way to debug your application is run:\u000a\u000a```\u000anpm start\u000a```\u000a\u000aThis will open up an http server `http://localhost:8080` which you can visit in your browser.\u000a\u000aYou can also use the built-in hotswap script which will automatically refresh all resources if they change:\u000a\u000a```\u000anpm run hotswap\u000a```\u000a\u000aNote that the above command assumes that you're already running `npm start`.\u000a"
134 error Changed: time.modified "2013-10-07T10:51:57.736Z" -> "2014-06-10T00:44:17.795Z"
134 error Added: time.0.1.0
134 error Deleted: author
134 error Changed: repository.url "https://github.com/DamonOehlman/playground.git" -> "git://github.com/classdojo/mojo-starter.git"
134 error Deleted: keywords
134 error Changed: license "MIT" -> "BSD"
134 error Added: homepage
134 error Added: bugs
134 error Added: _attachments: playground
134 error     at RegClient.<anonymous> (/usr/local/lib/node_modules/npm/node_modules/npm-registry-client/lib/request.js:237:14)
134 error     at Request.self.callback (/usr/local/lib/node_modules/npm/node_modules/request/request.js:123:22)
134 error     at Request.EventEmitter.emit (events.js:98:17)
134 error     at Request.<anonymous> (/usr/local/lib/node_modules/npm/node_modules/request/request.js:893:14)
134 error     at Request.EventEmitter.emit (events.js:117:20)
134 error     at IncomingMessage.<anonymous> (/usr/local/lib/node_modules/npm/node_modules/request/request.js:844:12)
134 error     at IncomingMessage.EventEmitter.emit (events.js:117:20)
134 error     at _stream_readable.js:920:16
134 error     at process._tickCallback (node.js:415:13)
135 error If you need help, you may report this *entire* log,
135 error including the npm and node versions, at:
135 error     <http://github.com/npm/npm/issues>
136 error System Darwin 13.2.0
137 error command "node" "/usr/local/bin/npm" "publish"
138 error cwd /Users/craig/Developer/Public/mojo-todomvc-example
139 error node -v v0.10.26
140 error npm -v 1.4.3
141 verbose exit [ 1, true ]
